Arguments: 
  /Users/braden_pezeshki/.nvm/versions/node/v8.11.1/bin/node /usr/local/Cellar/yarn/1.10.1/libexec/bin/yarn.js

PATH: 
  /Users/braden_pezeshki/.rbenv/shims:/Users/braden_pezeshki/.nvm/versions/node/v8.11.1/bin:/Users/braden_pezeshki/.rbenv/shims:/usr/local/bin:/usr/bin:/bin:/usr/sbin:/sbin:/Library/TeX/texbin:/Users/braden_pezeshki/.local/bin:/usr/local/bin:/usr/local/sbin:/Users/braden_pezeshki/Library/Python/3.6/bin:/Library/Frameworks/Python.framework/Versions/2.7/bin:/usr/local/go/bin:/Users/braden_pezeshki/go/bin:/Users/braden_pezeshki/bin:/Users/braden_pezeshki/google/google-cloud-sdk/bin:/Users/braden_pezeshki/zilliqa/scilla/bin:/Users/braden_pezeshki/.local/bin:/usr/local/bin:/usr/local/sbin:/Users/braden_pezeshki/Library/Python/3.6/bin:/Library/Frameworks/Python.framework/Versions/2.7/bin:/usr/local/go/bin:/Users/braden_pezeshki/go/bin:/Users/braden_pezeshki/bin:/Users/braden_pezeshki/google/google-cloud-sdk/bin:/Users/braden_pezeshki/zilliqa/scilla/bin

Yarn version: 
  1.10.1

Node version: 
  8.11.1

Platform: 
  darwin x64

Trace: 
  Error: getaddrinfo ENOTFOUND registry.yarnpkg.com registry.yarnpkg.com:443
      at errnoException (dns.js:50:10)
      at GetAddrInfoReqWrap.onlookup [as oncomplete] (dns.js:92:26)

npm manifest: 
  {
    "name": "zns",
    "version": "1.0.0",
    "dependencies": {
      "bn.js": "^4.11.8",
      "isomorphic-fetch": "^2.2.1",
      "zilliqa-js": "^0.1.19"
    }
  }

yarn manifest: 
  No manifest

Lockfile: 
  # THIS IS AN AUTOGENERATED FILE. DO NOT EDIT THIS FILE DIRECTLY.
  # yarn lockfile v1
  
  
  bn.js@^4.11.8, bn.js@^4.4.0:
    version "4.11.8"
    resolved "https://registry.yarnpkg.com/bn.js/-/bn.js-4.11.8.tgz#2cde09eb5ee341f484746bb0309b3253b1b1442f"
  
  brorand@^1.0.1:
    version "1.1.0"
    resolved "https://registry.yarnpkg.com/brorand/-/brorand-1.1.0.tgz#12c25efe40a45e3c323eb8675a0a0ce57b22371f"
  
  bsert@^0.0.3:
    version "0.0.3"
    resolved "https://registry.yarnpkg.com/bsert/-/bsert-0.0.3.tgz#2d6df637ceee6dedd3e4ebd870c7935e23e9e15e"
  
  cross-fetch@^2.2.2:
    version "2.2.2"
    resolved "https://registry.yarnpkg.com/cross-fetch/-/cross-fetch-2.2.2.tgz#a47ff4f7fc712daba8f6a695a11c948440d45723"
    dependencies:
      node-fetch "2.1.2"
      whatwg-fetch "2.0.4"
  
  elliptic@^6.4.0:
    version "6.4.1"
    resolved "https://registry.yarnpkg.com/elliptic/-/elliptic-6.4.1.tgz#c2d0b7776911b86722c632c3c06c60f2f819939a"
    dependencies:
      bn.js "^4.4.0"
      brorand "^1.0.1"
      hash.js "^1.0.0"
      hmac-drbg "^1.0.0"
      inherits "^2.0.1"
      minimalistic-assert "^1.0.0"
      minimalistic-crypto-utils "^1.0.0"
  
  encoding@^0.1.11, encoding@^0.1.12:
    version "0.1.12"
    resolved "https://registry.yarnpkg.com/encoding/-/encoding-0.1.12.tgz#538b66f3ee62cd1ab51ec323829d1f9480c74beb"
    dependencies:
      iconv-lite "~0.4.13"
  
  hash.js@^1.0.0, hash.js@^1.0.3, hash.js@^1.1.5:
    version "1.1.5"
    resolved "https://registry.yarnpkg.com/hash.js/-/hash.js-1.1.5.tgz#e38ab4b85dfb1e0c40fe9265c0e9b54854c23812"
    dependencies:
      inherits "^2.0.3"
      minimalistic-assert "^1.0.1"
  
  hmac-drbg@^1.0.0, hmac-drbg@^1.0.1:
    version "1.0.1"
    resolved "https://registry.yarnpkg.com/hmac-drbg/-/hmac-drbg-1.0.1.tgz#d2745701025a6c775a6c545793ed502fc0c649a1"
    dependencies:
      hash.js "^1.0.3"
      minimalistic-assert "^1.0.0"
      minimalistic-crypto-utils "^1.0.1"
  
  iconv-lite@~0.4.13:
    version "0.4.24"
    resolved "https://registry.yarnpkg.com/iconv-lite/-/iconv-lite-0.4.24.tgz#2022b4b25fbddc21d2f524974a474aafe733908b"
    dependencies:
      safer-buffer ">= 2.1.2 < 3"
  
  inherits@^2.0.1, inherits@^2.0.3:
    version "2.0.3"
    resolved "https://registry.yarnpkg.com/inherits/-/inherits-2.0.3.tgz#633c2c83e3da42a502f52466022480f4208261de"
  
  is-stream@^1.0.1:
    version "1.1.0"
    resolved "https://registry.yarnpkg.com/is-stream/-/is-stream-1.1.0.tgz#12d4a3dd4e68e0b79ceb8dbc84173ae80d91ca44"
  
  isomorphic-fetch@^2.2.1:
    version "2.2.1"
    resolved "https://registry.yarnpkg.com/isomorphic-fetch/-/isomorphic-fetch-2.2.1.tgz#611ae1acf14f5e81f729507472819fe9733558a9"
    dependencies:
      node-fetch "^1.0.1"
      whatwg-fetch ">=0.10.0"
  
  minimalistic-assert@^1.0.0, minimalistic-assert@^1.0.1:
    version "1.0.1"
    resolved "https://registry.yarnpkg.com/minimalistic-assert/-/minimalistic-assert-1.0.1.tgz#2e194de044626d4a10e7f7fbc00ce73e83e4d5c7"
  
  minimalistic-crypto-utils@^1.0.0, minimalistic-crypto-utils@^1.0.1:
    version "1.0.1"
    resolved "https://registry.yarnpkg.com/minimalistic-crypto-utils/-/minimalistic-crypto-utils-1.0.1.tgz#f6c00c1c0b082246e5c4d99dfb8c7c083b2b582a"
  
  node-fetch@2.1.2:
    version "2.1.2"
    resolved "http://registry.npmjs.org/node-fetch/-/node-fetch-2.1.2.tgz#ab884e8e7e57e38a944753cec706f788d1768bb5"
  
  node-fetch@^1.0.1:
    version "1.7.3"
    resolved "https://registry.yarnpkg.com/node-fetch/-/node-fetch-1.7.3.tgz#980f6f72d85211a5347c6b2bc18c5b84c3eb47ef"
    dependencies:
      encoding "^0.1.11"
      is-stream "^1.0.1"
  
  randombytes@^2.0.6:
    version "2.0.6"
    resolved "https://registry.yarnpkg.com/randombytes/-/randombytes-2.0.6.tgz#d302c522948588848a8d300c932b44c24231da80"
    dependencies:
      safe-buffer "^5.1.0"
  
  safe-buffer@^5.1.0:
    version "5.1.2"
    resolved "https://registry.yarnpkg.com/safe-buffer/-/safe-buffer-5.1.2.tgz#991ec69d296e0313747d59bdfd2b745c35f8828d"
  
  "safer-buffer@>= 2.1.2 < 3":
    version "2.1.2"
    resolved "https://registry.yarnpkg.com/safer-buffer/-/safer-buffer-2.1.2.tgz#44fa161b0187b9549dd84bb91802f9bd8385cd6a"
  
  valid-url@^1.0.9:
    version "1.0.9"
    resolved "https://registry.yarnpkg.com/valid-url/-/valid-url-1.0.9.tgz#1c14479b40f1397a75782f115e4086447433a200"
  
  whatwg-fetch@2.0.4, whatwg-fetch@^2.0.4:
    version "2.0.4"
    resolved "http://registry.npmjs.org/whatwg-fetch/-/whatwg-fetch-2.0.4.tgz#dde6a5df315f9d39991aa17621853d720b85566f"
  
  whatwg-fetch@>=0.10.0:
    version "3.0.0"
    resolved "https://registry.yarnpkg.com/whatwg-fetch/-/whatwg-fetch-3.0.0.tgz#fc804e458cc460009b1a2b966bc8817d2578aefb"
  
  zilliqa-js@^0.1.19:
    version "0.1.19"
    resolved "https://registry.yarnpkg.com/zilliqa-js/-/zilliqa-js-0.1.19.tgz#1ce7dd5a09fe4f4d22f3af3bcad592b49c7758d5"
    dependencies:
      bn.js "^4.11.8"
      bsert "^0.0.3"
      cross-fetch "^2.2.2"
      elliptic "^6.4.0"
      encoding "^0.1.12"
      hash.js "^1.1.5"
      hmac-drbg "^1.0.1"
      randombytes "^2.0.6"
      valid-url "^1.0.9"
      whatwg-fetch "^2.0.4"
